   1: Vallen Acquisition R2017.0504.2
   2: Report File: c:\vallen\log\acq.log
   3: Created: sabato 6 giugno 2026 - 12:27
   4: ----------------------------------------------------------------------
   5: Command line:
   6: C:\vallen\amsy\acq.exe
   7: 
   8: OS: Windows 10 (Version 10.0 Build 19045, 64-bit)
   9: Memory available to Windows: 20.339,5 MB, 23% in use.
  10: CPU-Cores detected: 6
  11: System/User locale: Italian [ITA] / Italian [ITA]
  12: -----------------------------------------------------------------
  13: SQLite library: 3.18.0
  14: Full path: c:\vallen\bin\sqlite3.dll
  15: ----------------------------------------------------------------------
  16: 
  17: 2026-06-06 12:27:49|Accessing device driver...
  18: 12:27:49|Initializing device ...
  19: 12:27:49|Opening AMSY-6 device(s) ...
  20: 12:27:49|Total AMSY-6 device(s) found: 1.
  21: 
  22: 12:27:49|Checking AMSY-6 status.
  23: 12:27:49|Required firmware: 3.05
  24: 12:27:49|Warm reboot AMSY-6 device(s).
  25: 12:27:50| 
  26: 12:27:50|Searching for AMSY-6 Units..
  27: 12:27:50|AMSY-6 Units(total)               : 1
  28: 12:27:50|..parameteric inputs (PAx)        : 4
  29: 12:27:50| 
  30: 12:27:50|Load FPGA for ASIP-2 boards, slot 1
  31: 12:27:51|Check ASIP-2 channels.
  32: 12:27:51|Loading ASIP-2 calibration and configuration data
  33: 12:27:51|ASIP-2 firmware required: Rev.21.26
  34: 12:27:51|ASIP-2 boards listing
  35: 12:27:51|Board: 01.01; Chans:  1 [HP-Hi], 2 [HP-Hi]; VID: 190108-06-0062; TRMem: 16 MB.
  36: 12:27:51|Board: 01.02; Chans:  3 [HP-Hi], 4 [HP-Hi]; VID: 190108-06-0074; TRMem: 16 MB.
  37: 12:27:51|ASIP-2 boards detected: 2 (=4 channels), with TR: 2
  38: 12:27:51|Hardware initialization complete.
  39: 12:27:51|Loading channel parameters...
  40: 12:27:52|Loading channel parameters completed.
  41: 12:27:52|Command completed (0)
  42: ----------------------------------------------------------------------
  43: 
  44: ----------------------------------------------------------------------
  45: 12:28:27|Control Command: Clear data on all files
  46: 12:28:28|Command completed (0)
  47: ----------------------------------------------------------------------
  48: 
  49: ----------------------------------------------------------------------
  50: 12:28:45|Control Command: Load Acquisition
  51: 12:28:45|Loading channel parameters...
  52: 12:28:46|Loading channel parameters completed.
  53: 12:28:46|Command completed (0)
  54: ----------------------------------------------------------------------
  55: 
  56: ----------------------------------------------------------------------
  57: 12:30:48|Control Command: Prepare Recording
  58: 12:30:48|Loading channel parameters...
  59: 12:30:49|Loading channel parameters completed.
  60: 12:30:49|Informing IOP about new DMA Info
  61: 12:30:49|Command completed (0)
  62: ----------------------------------------------------------------------
  63: 
  64: ----------------------------------------------------------------------
  65: 12:30:49|Control Command: Start Recording
  66: 12:30:49|Data file: C:\Users\admin\Desktop\Registrazione Prove EA\DI ROBERTO MOSCATIELLO 03_06 06_06\06_06\4699292050711MC_EA\4699292050711MC_EA.pridb
  67: 12:30:49|Start Recording
  68: 
  69: 12:30:49|Acquisition started at 06/06/2026 12:30:49
  70: 12:30:49|Command completed (0)
  71: ----------------------------------------------------------------------
  72: 
  73: 12:30:49| IOP 1>CMD_CL_ENABLE_CYCLE 1
  74: 12:30:49| IOP 1>Number of active channels: 2
  75: 12:30:49| IOP 1>Training bus transfer; initial boost dstrb=1
  76: 12:30:49| IOP 1>Board 01.01: dstrb offset=2 read delay=18
  77: 12:30:49| IOP 1>CMD_SET_RECORDING AE=1, TR=1
  78: 12:30:49| IOP 1>1st data arrived (=>RecEnb) DWords read: 36
  79: ----------------------------------------------------------------------
  80: 12:30:49|Control Command: Start Pulsing (All Channels)
  81: 12:30:49|acqctrl: StartPulsing
  82: 12:30:50|acqctrl: NextPulsingChannel 1 (HW: 01.01.a)
  83: 12:30:50| IOP 1>
  84: 12:30:50| IOP 1>Host poll status: last interval = 1 s, dtmax = 92 ms, 11 polls
  85: 12:30:50| IOP 1>Cycle status: 169594 cycles, avg 169594 cycles/s, dur max = 110, avg = 5 us
  86: 12:30:50| IOP 1>TR retries 0
  87: 12:30:50| IOP 1>Temperature: DAC 29, PAP 29
  88: 12:30:50| IOP 1>CMD_SET_RECORDING AE=0, TR=0
  89: 12:30:50|Command completed (0)
  90: ----------------------------------------------------------------------
  91: 
  92: 12:30:50| IOP 1>CMD_CL_SET_PULSING_CHAN
  93: 12:30:51| IOP 1>CMD_SET_RECORDING AE=1, TR=1
  94: 12:30:51| IOP 1>CMD_CL_SET_PULSING On
  95: 12:30:51| IOP 1>Adjusted board 01.01; read delay=17, dstrb=1
  96: ----------------------------------------------------------------------
  97: 12:30:54|Control Command: Stop Recording
  98: 12:30:54|acqctrl: StopPulsing
  99: 12:30:54|Command completed (0)
 100: ----------------------------------------------------------------------
 101: 
 102: 12:30:54| IOP 1>CMD_SET_RECORDING AE=0, TR=0
 103: 12:30:54| IOP 1>CMD_CL_SET_PULSING Off
 104: 12:30:54| IOP 1>
 105: 12:30:54| IOP 1>Host poll status: last interval = 4 s, dtmax = 93 ms, 64 polls
 106: 12:30:54| IOP 1>Cycle status: 914023 cycles, avg 228505 cycles/s, dur max = 1230, avg = 4 us
 107: 12:30:54| IOP 1>TR retries 2
 108: 12:30:54| IOP 1>Temperature: DAC 29, PAP 29
 109: 12:30:54| IOP 1>CMD_SET_RECORDING AE=0, TR=0
 110: 12:30:55|Acquisition stopped at 06/06/2026 12:30:55
 111: 12:30:55|Total AE data size: 96 KB
 112: 12:30:55|Total TR data size: 576 KB
 113: ----------------------------------------------------------------------
 114: 12:30:55|Control Command: Close Acquisition
 115: 12:30:55|Command completed (0)
 116: ----------------------------------------------------------------------
 117: 
 118: ----------------------------------------------------------------------
 119: 12:31:01|Control Command: Load Acquisition
 120: 12:31:01|Loading channel parameters...
 121: 12:31:02|Loading channel parameters completed.
 122: 12:31:02|Command completed (0)
 123: ----------------------------------------------------------------------
 124: 
 125: ----------------------------------------------------------------------
 126: 12:31:05|Control Command: Clear data on all files
 127: 12:31:05|Command completed (0)
 128: ----------------------------------------------------------------------
 129: 
 130: ----------------------------------------------------------------------
 131: 12:31:05|Control Command: Prepare Recording
 132: 12:31:05|Loading channel parameters...
 133: 12:31:06|Loading channel parameters completed.
 134: 12:31:06|Informing IOP about new DMA Info
 135: 12:31:06|Command completed (0)
 136: ----------------------------------------------------------------------
 137: 
 138: ----------------------------------------------------------------------
 139: 12:31:06|Control Command: Start Recording
 140: 12:31:06|Data file: C:\Users\admin\Desktop\Registrazione Prove EA\DI ROBERTO MOSCATIELLO 03_06 06_06\06_06\4699292050711MC_EA\4699292050711MC_EA.pridb
 141: 12:31:06|Start Recording
 142: 
 143: 12:31:06|Acquisition started at 06/06/2026 12:31:06
 144: 12:31:06|Command completed (0)
 145: ----------------------------------------------------------------------
 146: 
 147: 12:31:06| IOP 1>CMD_CL_ENABLE_CYCLE 1
 148: 12:31:06| IOP 1>Number of active channels: 2
 149: 12:31:06| IOP 1>Training bus transfer; initial boost dstrb=1
 150: 12:31:06| IOP 1>Board 01.01: dstrb offset=2 read delay=18
 151: 12:31:06| IOP 1>CMD_SET_RECORDING AE=1, TR=1
 152: 12:31:06| IOP 1>1st data arrived (=>RecEnb) DWords read: 36
 153: ----------------------------------------------------------------------
 154: 12:31:06|Control Command: Start Pulsing (All Channels)
 155: 12:31:06|acqctrl: StartPulsing
 156: 12:31:06|acqctrl: NextPulsingChannel 1 (HW: 01.01.a)
 157: 12:31:06|Command completed (0)
 158: ----------------------------------------------------------------------
 159: 
 160: 12:31:06| IOP 1>
 161: 12:31:06| IOP 1>Host poll status: last interval = 1 s, dtmax = 109 ms, 2 polls
 162: 12:31:06| IOP 1>Cycle status: 37158 cycles, avg 37158 cycles/s, dur max = 110, avg = 26 us
 163: 12:31:06| IOP 1>TR retries 0
 164: 12:31:06| IOP 1>Temperature: DAC 29, PAP 29
 165: 12:31:06| IOP 1>CMD_SET_RECORDING AE=0, TR=0
 166: 12:31:06| IOP 1>CMD_CL_SET_PULSING_CHAN
 167: 12:31:07| IOP 1>CMD_SET_RECORDING AE=1, TR=1
 168: 12:31:07| IOP 1>CMD_CL_SET_PULSING On
 169: 12:31:07| IOP 1>Adjusted board 01.01; read delay=17, dstrb=1
 170: 12:31:13|acqctrl: NextPulsingChannel 2 (HW: 01.01.b)
 171: 12:31:13| IOP 1>CMD_SET_RECORDING AE=0, TR=0
 172: 12:31:13| IOP 1>CMD_CL_SET_PULSING Off
 173: 12:31:13| IOP 1>CMD_CL_SET_PULSING_CHAN
 174: 12:31:14| IOP 1>CMD_SET_RECORDING AE=1, TR=1
 175: 12:31:14| IOP 1>CMD_CL_SET_PULSING On
 176: 12:31:19|acqctrl: StopPulsingCycle
 177: 12:31:19| IOP 1>CMD_SET_RECORDING AE=0, TR=0
 178: 12:31:19| IOP 1>CMD_CL_SET_PULSING Off
 179: 12:31:21| IOP 1>CMD_SET_RECORDING AE=1, TR=1
 180: ----------------------------------------------------------------------
 181: 12:31:22|Control Command: Label: "IC1"
 182: 12:31:22|Command completed (0)
 183: ----------------------------------------------------------------------
 184: 
 185: 12:31:26| IOP 1>
 186: 12:31:26| IOP 1>Host poll status: last interval = 5 s, dtmax = 95 ms, 251 polls
 187: 12:31:26| IOP 1>Cycle status: 3637173 cycles, avg 727434 cycles/s, dur max = 1230, avg = 1 us
 188: 12:31:26| IOP 1>TR retries 2
 189: 12:31:26| IOP 1>Temperature: DAC 29, PAP 29
 190: ----------------------------------------------------------------------
 191: 12:32:01|Control Command: Label: "FC1"
 192: 12:32:01|Command completed (0)
 193: ----------------------------------------------------------------------
 194: 
 195: ----------------------------------------------------------------------
 196: 12:32:02|Control Command: Label: "IN1"
 197: 12:32:02|Command completed (0)
 198: ----------------------------------------------------------------------
 199: 
 200: ----------------------------------------------------------------------
 201: 12:37:19|Control Command: Label: "FN1"
 202: 12:37:19|Command completed (0)
 203: ----------------------------------------------------------------------
 204: 
 205: ----------------------------------------------------------------------
 206: 12:37:31|Control Command: Stop Recording
 207: 12:37:31|Command completed (0)
 208: ----------------------------------------------------------------------
 209: 
 210: 12:37:31| IOP 1>
 211: 12:37:31| IOP 1>Host poll status: last interval = 365 s, dtmax = 112 ms, 4544 polls
 212: 12:37:31| IOP 1>Cycle status: 68536881 cycles, avg 187772 cycles/s, dur max = 500, avg = 5 us
 213: 12:37:31| IOP 1>TR retries 0
 214: 12:37:31| IOP 1>Temperature: DAC 30, PAP 30
 215: 12:37:31| IOP 1>CMD_SET_RECORDING AE=0, TR=0
 216: 12:37:31|Acquisition stopped at 06/06/2026 12:37:31
 217: 12:37:31|Total AE data size: 152 KB
 218: 12:37:31|Total TR data size: 1,8 MB
 219: ----------------------------------------------------------------------
 220: 12:42:17|Control Command: Prepare Recording
 221: 12:42:17|Loading channel parameters...
 222: 12:42:18|Loading channel parameters completed.
 223: 12:42:18|Informing IOP about new DMA Info
 224: 12:42:18|Command completed (0)
 225: ----------------------------------------------------------------------
 226: 
 227: ----------------------------------------------------------------------
 228: 12:42:18|Control Command: Start Recording
 229: 12:42:18|Data file: C:\Users\admin\Desktop\Registrazione Prove EA\DI ROBERTO MOSCATIELLO 03_06 06_06\06_06\4699292050711MC_EA\4699292050711MC_EA.pridb
 230: 12:42:18|Start Recording
 231: 
 232: 12:42:18|Acquisition started at 06/06/2026 12:42:18
 233: 12:42:18|Command completed (0)
 234: ----------------------------------------------------------------------
 235: 
 236: 12:42:18| IOP 1>CMD_CL_ENABLE_CYCLE 1
 237: 12:42:18| IOP 1>Number of active channels: 2
 238: 12:42:18| IOP 1>Training bus transfer; initial boost dstrb=1
 239: 12:42:18| IOP 1>Board 01.01: dstrb offset=2 read delay=18
 240: 12:42:18| IOP 1>CMD_SET_RECORDING AE=1, TR=1
 241: 12:42:18| IOP 1>1st data arrived (=>RecEnb) DWords read: 36
 242: 12:42:23| IOP 1>
 243: 12:42:23| IOP 1>Host poll status: last interval = 5 s, dtmax = 117 ms, 63 polls
 244: 12:42:23| IOP 1>Cycle status: 951884 cycles, avg 190376 cycles/s, dur max = 120, avg = 5 us
 245: 12:42:23| IOP 1>TR retries 0
 246: 12:42:23| IOP 1>Temperature: DAC 31, PAP 31
 247: 12:42:23| IOP 1>Adjusted board 01.01; read delay=17, dstrb=1
 248: ----------------------------------------------------------------------
 249: 12:42:42|Control Command: Label: "IP1"
 250: 12:42:42|Command completed (0)
 251: ----------------------------------------------------------------------
 252: 
 253: ----------------------------------------------------------------------
 254: 13:03:42|Control Command: Label: "FP1"
 255: 13:03:42|Command completed (0)
 256: ----------------------------------------------------------------------
 257: 
 258: ----------------------------------------------------------------------
 259: 13:05:51|Control Command: Label: "IR1"
 260: 13:05:51|Command completed (0)
 261: ----------------------------------------------------------------------
 262: 
 263: ----------------------------------------------------------------------
 264: 13:11:04|Control Command: Label: "FR1"
 265: 13:11:04|Command completed (0)
 266: ----------------------------------------------------------------------
 267: 
 268: ----------------------------------------------------------------------
 269: 13:11:05|Control Command: Start Pulsing (All Channels)
 270: 13:11:05|acqctrl: StartPulsing
 271: 13:11:05|acqctrl: NextPulsingChannel 1 (HW: 01.01.a)
 272: 13:11:05| IOP 1>
 273: 13:11:05| IOP 1>Host poll status: last interval = 1722 s, dtmax = 139 ms, 21437 polls
 274: 13:11:05| IOP 1>Cycle status: 323282486 cycles, avg 187736 cycles/s, dur max = 970, avg = 5 us
 275: 13:11:05| IOP 1>TR retries 2
 276: 13:11:05| IOP 1>Temperature: DAC 33, PAP 33
 277: 13:11:05| IOP 1>CMD_SET_RECORDING AE=0, TR=0
 278: 13:11:05|Command completed (0)
 279: ----------------------------------------------------------------------
 280: 
 281: 13:11:05| IOP 1>CMD_CL_SET_PULSING_CHAN
 282: 13:11:06| IOP 1>CMD_SET_RECORDING AE=1, TR=1
 283: 13:11:06| IOP 1>CMD_CL_SET_PULSING On
 284: 13:11:12|acqctrl: NextPulsingChannel 2 (HW: 01.01.b)
 285: 13:11:12| IOP 1>CMD_SET_RECORDING AE=0, TR=0
 286: 13:11:12| IOP 1>CMD_CL_SET_PULSING Off
 287: 13:11:12| IOP 1>CMD_CL_SET_PULSING_CHAN
 288: 13:11:13| IOP 1>CMD_SET_RECORDING AE=1, TR=1
 289: 13:11:13| IOP 1>CMD_CL_SET_PULSING On
 290: 13:11:18|acqctrl: StopPulsingCycle
 291: 13:11:18| IOP 1>CMD_SET_RECORDING AE=0, TR=0
 292: 13:11:18| IOP 1>CMD_CL_SET_PULSING Off
 293: 13:11:19| IOP 1>CMD_SET_RECORDING AE=1, TR=1
 294: ----------------------------------------------------------------------
 295: 13:11:21|Control Command: Stop Recording
 296: 13:11:21|Command completed (0)
 297: ----------------------------------------------------------------------
 298: 
 299: 13:11:22| IOP 1>
 300: 13:11:22| IOP 1>Host poll status: last interval = 2 s, dtmax = 109 ms, 212 polls
 301: 13:11:22| IOP 1>Cycle status: 3091520 cycles, avg 1545760 cycles/s, dur max = 500, avg = 0 us
 302: 13:11:22| IOP 1>TR retries 0
 303: 13:11:22| IOP 1>Temperature: DAC 33, PAP 33
 304: 13:11:22| IOP 1>CMD_SET_RECORDING AE=0, TR=0
 305: 13:11:22|Acquisition stopped at 06/06/2026 13:11:22
 306: 13:11:22|Total AE data size: 320 KB
 307: 13:11:22|Total TR data size: 7,0 MB
 308: ----------------------------------------------------------------------
 309: 13:11:22|Control Command: Close Acquisition
 310: 13:11:22|Command completed (0)
 311: ----------------------------------------------------------------------
 312: 
